#
# A fatal error has been detected by the Java Runtime Environment:
#
#  EXCEPTION_ACCESS_VIOLATION (0xc0000005) at pc=0x00007ff87552e494, pid=7852, tid=7916
#
# JRE version: Java(TM) SE Runtime Environment (8.0_45-b14) (build 1.8.0_45-b14)
# Java VM: Java HotSpot(TM) 64-Bit Server VM (25.45-b02 mixed mode windows-amd64 compressed oops)
# Problematic frame:
# C  [ig7icd64.dll+0xe494]
#
# Failed to write core dump. Minidumps are not enabled by default on client versions of Windows
#
# If you would like to submit a bug report, please visit:
#   http://bugreport.java.com/bugreport/crash.jsp
# The crash happened outside the Java Virtual Machine in native code.
# See problematic frame for where to report the bug.
#

---------------  T H R E A D  ---------------

Current thread (0x000000001842a000):  JavaThread "AWT-EventQueue-0" [_thread_in_native, id=7916, stack(0x000000001aca0000,0x000000001ada0000)]

siginfo: ExceptionCode=0xc0000005, writing address 0x0000000000000000

Registers:
RAX=0x0000000000000001, RBX=0x0000000019cf3580, RCX=0x0000000000000010, RDX=0x0000000019cf55f0
RSP=0x000000001ad9de20, RBP=0x0000000019cf55e0, RSI=0x0000000000000000, RDI=0x0000000019ce0088
R8 =0x0000000000000010, R9 =0x0000000000000000, R10=0x0000000000000001, R11=0x0000000000000001
R12=0x0000000000000000, R13=0x00000000a1f6b268, R14=0x0000000000000006, R15=0x0000000000000010
RIP=0x00007ff87552e494, EFLAGS=0x0000000000010206

Top of Stack: (sp=0x000000001ad9de20)
0x000000001ad9de20:   0000000019cf3580 0000000000000000
0x000000001ad9de30:   0000000019cf55e0 00007ff8755a39e0
0x000000001ad9de40:   0000000000000000 0000000000000006
0x000000001ad9de50:   000000001a995730 0000000000000000
0x000000001ad9de60:   0000000019ce0088 00007ff87557467c
0x000000001ad9de70:   0000000019cf3580 00007ff8755415d8
0x000000001ad9de80:   0000000000000000 000000004000e007
0x000000001ad9de90:   000000001842a000 00000000a1cab180
0x000000001ad9dea0:   00000000a1f6b268 00007ff875573c95
0x000000001ad9deb0:   0000000019ce0088 000000001ad9df70
0x000000001ad9dec0:   000000005ccd43c2 00000000e1bb5fd0
0x000000001ad9ded0:   0000000019ce0088 00007ff875820ca1
0x000000001ad9dee0:   00000000a1f6b268 800000003dcccccd
0x000000001ad9def0:   00000000e1bb6030 00000000e1bb6050
0x000000001ad9df00:   00000000a1f6b268 0000000002e8c5f5
0x000000001ad9df10:   00000000a1f6b268 00000000200162e7 

Instructions: (pc=0x00007ff87552e494)
0x00007ff87552e474:   d1 49 c1 eb 04 4d 85 db 0f 84 24 02 00 00 f3 0f
0x00007ff87552e484:   6f 02 41 ff c2 48 83 c1 10 41 8b c2 48 83 c2 10
0x00007ff87552e494:   f3 0f 7f 41 f0 49 3b c3 72 e4 e9 03 02 00 00 48
0x00007ff87552e4a4:   89 7c 24 40 8b f9 83 e7 0f 74 68 48 89 5c 24 50 


Register to memory mapping:

RAX=0x0000000000000001 is an unknown value
RBX=0x0000000019cf3580 is an unknown value
RCX=0x0000000000000010 is an unknown value
RDX=0x0000000019cf55f0 is an unknown value
RSP=0x000000001ad9de20 is pointing into the stack for thread: 0x000000001842a000
RBP=0x0000000019cf55e0 is an unknown value
RSI=0x0000000000000000 is an unknown value
RDI=0x0000000019ce0088 is an unknown value
R8 =0x0000000000000010 is an unknown value
R9 =0x0000000000000000 is an unknown value
R10=0x0000000000000001 is an unknown value
R11=0x0000000000000001 is an unknown value
R12=0x0000000000000000 is an unknown value
R13=0x00000000a1f6b268 is an oop
jogamp.opengl.gl4.GL4bcImpl 
 - klass: 'jogamp/opengl/gl4/GL4bcImpl'
R14=0x0000000000000006 is an unknown value
R15=0x0000000000000010 is an unknown value


Stack: [0x000000001aca0000,0x000000001ada0000],  sp=0x000000001ad9de20,  free space=1015k
Native frames: (J=compiled Java code, j=interpreted, Vv=VM code, C=native code)
C  [ig7icd64.dll+0xe494]
C  [ig7icd64.dll+0x5467c]
C  [ig7icd64.dll+0x53c95]
C  [ig7icd64.dll+0x300ca1]
C  0x0000000002e8c5f5

Java frames: (J=compiled Java code, j=interpreted, Vv=VM code)
J 773  jogamp.opengl.gl4.GL4bcImpl.dispatch_glPopMatrix1(J)V (0 bytes) @ 0x0000000002e8c57b [0x0000000002e8c540+0x3b]
J 805 C2 biomorphHandling.Biomorph.loop(II)V (400 bytes) @ 0x0000000002ea9114 [0x0000000002ea8c00+0x514]
J 805 C2 biomorphHandling.Biomorph.loop(II)V (400 bytes) @ 0x0000000002ea949c [0x0000000002ea8c00+0x89c]
J 805 C2 biomorphHandling.Biomorph.loop(II)V (400 bytes) @ 0x0000000002ea949c [0x0000000002ea8c00+0x89c]
J 1141 C1 biomorphHandling.Biomorph.draw(Ljavax/media/opengl/GLAutoDrawable;)V (118 bytes) @ 0x0000000002fa48e4 [0x0000000002fa4340+0x5a4]
J 1107 C1 gui.OpenGLFrame.display(Ljavax/media/opengl/GLAutoDrawable;)V (336 bytes) @ 0x0000000002f93d44 [0x0000000002f92300+0x1a44]
J 1352 C2 jogamp.opengl.GLDrawableHelper.invokeGLImpl(Ljavax/media/opengl/GLDrawable;Ljavax/media/opengl/GLContext;Ljava/lang/Runnable;Ljava/lang/Runnable;)V (579 bytes) @ 0x0000000003038e70 [0x0000000003038960+0x510]
J 1333 C2 java.awt.EventQueue$3.run()Ljava/lang/Object; (5 bytes) @ 0x00000000030439c8 [0x00000000030435a0+0x428]
v  ~StubRoutines::call_stub
J 933  java.security.AccessController.doPrivileged(Ljava/security/PrivilegedAction;Ljava/security/AccessControlContext;)Ljava/lang/Object; (0 bytes) @ 0x0000000002efde26 [0x0000000002efddc0+0x66]
J 1332 C2 java.awt.EventDispatchThread.pumpOneEventForFilters(I)V (295 bytes) @ 0x000000000303d994 [0x000000000303cb60+0xe34]
j  java.awt.EventDispatchThread.pumpEventsForFilter(ILjava/awt/Conditional;Ljava/awt/EventFilter;)V+35
j  java.awt.EventDispatchThread.pumpEventsForHierarchy(ILjava/awt/Conditional;Ljava/awt/Component;)V+11
j  java.awt.EventDispatchThread.pumpEvents(ILjava/awt/Conditional;)V+4
j  java.awt.EventDispatchThread.pumpEvents(Ljava/awt/Conditional;)V+3
j  java.awt.EventDispatchThread.run()V+9
v  ~StubRoutines::call_stub

---------------  P R O C E S S  ---------------

Java Threads: ( => current thread )
  0x0000000002a90800 JavaThread "DestroyJavaVM" [_thread_blocked, id=5456, stack(0x0000000002990000,0x0000000002a90000)]
  0x0000000018861800 JavaThread "main-FPSAWTAnimator#00-Timer0" [_thread_blocked, id=8580, stack(0x000000001b5c0000,0x000000001b6c0000)]
=>0x000000001842a000 JavaThread "AWT-EventQueue-0" [_thread_in_native, id=7916, stack(0x000000001aca0000,0x000000001ada0000)]
  0x0000000018429800 JavaThread "AWT-Shutdown" [_thread_blocked, id=2624, stack(0x000000001a6a0000,0x000000001a7a0000)]
  0x0000000018521000 JavaThread "main-SharedResourceRunner" daemon [_thread_blocked, id=3880, stack(0x00000000198e0000,0x00000000199e0000)]
  0x0000000018387800 JavaThread "AWT-Windows" daemon [_thread_in_native, id=6292, stack(0x0000000018f60000,0x0000000019060000)]
  0x0000000018386000 JavaThread "Java2D Disposer" daemon [_thread_blocked, id=3244, stack(0x0000000018d60000,0x0000000018e60000)]
  0x0000000017ca9800 JavaThread "Service Thread" daemon [_thread_blocked, id=6964, stack(0x0000000018080000,0x0000000018180000)]
  0x0000000016423000 JavaThread "C1 CompilerThread2" daemon [_thread_blocked, id=5748, stack(0x0000000017b80000,0x0000000017c80000)]
  0x000000001641c800 JavaThread "C2 CompilerThread1" daemon [_thread_blocked, id=9800, stack(0x0000000017a80000,0x0000000017b80000)]
  0x000000001640b800 JavaThread "C2 CompilerThread0" daemon [_thread_blocked, id=9220, stack(0x0000000017980000,0x0000000017a80000)]
  0x0000000016409800 JavaThread "Attach Listener" daemon [_thread_blocked, id=2852, stack(0x0000000017880000,0x0000000017980000)]
  0x0000000016413800 JavaThread "Signal Dispatcher" daemon [_thread_blocked, id=8668, stack(0x0000000017780000,0x0000000017880000)]
  0x0000000002b86000 JavaThread "Finalizer" daemon [_thread_blocked, id=9496, stack(0x0000000017680000,0x0000000017780000)]
  0x0000000002b7d000 JavaThread "Reference Handler" daemon [_thread_blocked, id=3476, stack(0x0000000017580000,0x0000000017680000)]

Other Threads:
  0x00000000163d7800 VMThread [stack: 0x0000000017480000,0x0000000017580000] [id=7880]
  0x0000000017cbb000 WatcherThread [stack: 0x0000000018180000,0x0000000018280000] [id=3820]

VM state:not at safepoint (normal execution)

VM Mutex/Monitor currently owned by a thread: None

Heap:
 PSYoungGen      total 22016K, used 19022K [0x00000000e0980000, 0x00000000e2e80000, 0x0000000100000000)
  eden space 21504K, 88% used [0x00000000e0980000,0x00000000e1bfb8d0,0x00000000e1e80000)
  from space 512K, 18% used [0x00000000e2d80000,0x00000000e2d98000,0x00000000e2e00000)
  to   space 512K, 0% used [0x00000000e2e00000,0x00000000e2e00000,0x00000000e2e80000)
 ParOldGen       total 65536K, used 5307K [0x00000000a1c00000, 0x00000000a5c00000, 0x00000000e0980000)
  object space 65536K, 8% used [0x00000000a1c00000,0x00000000a212ecb8,0x00000000a5c00000)
 Metaspace       used 15314K, capacity 15505K, committed 15872K, reserved 1062912K
  class space    used 1585K, capacity 1668K, committed 1792K, reserved 1048576K

Card table byte_map: [0x0000000011f50000,0x0000000012250000] byte_map_base: 0x0000000011a42000

Marking Bits: (ParMarkBitMap*) 0x000000006dc24040
 Begin Bits: [0x0000000012850000, 0x0000000013fe0000)
 End Bits:   [0x0000000013fe0000, 0x0000000015770000)

Polling page: 0x00000000027e0000

CodeCache: size=245760Kb used=4709Kb max_used=4723Kb free=241050Kb
 bounds [0x0000000002b90000, 0x0000000003060000, 0x0000000011b90000]
 total_blobs=2047 nmethods=1232 adapters=728
 compilation: enabled

Compilation events (10 events):
Event: 106.838 Thread 0x000000001641c800 nmethod 1353 0x0000000002e7c690 code [0x0000000002e7c820, 0x0000000002e7d218]
Event: 106.838 Thread 0x000000001641c800 1354       4       jogamp.opengl.gl4.GL4bcImpl::glOrtho (62 bytes)
Event: 106.840 Thread 0x000000001641c800 nmethod 1354 0x0000000002cae9d0 code [0x0000000002caeb20, 0x0000000002caec88]
Event: 106.859 Thread 0x000000001640b800 nmethod 1352 0x00000000030386d0 code [0x0000000003038960, 0x0000000003039fe0]
Event: 106.870 Thread 0x000000001641c800 1355       4       sun.awt.SunToolkit::getSystemEventQueueImplPP (7 bytes)
Event: 106.871 Thread 0x000000001641c800 nmethod 1355 0x0000000002cbb210 code [0x0000000002cbb360, 0x0000000002cbb448]
Event: 110.172 Thread 0x000000001640b800 1356       4       java.util.concurrent.locks.AbstractQueuedSynchronizer::release (33 bytes)
Event: 110.176 Thread 0x000000001640b800 nmethod 1356 0x0000000002cddb50 code [0x0000000002cddca0, 0x0000000002cdde68]
Event: 116.675 Thread 0x000000001641c800 1357       4       java.security.AccessController::getContext (23 bytes)
Event: 116.676 Thread 0x000000001641c800 nmethod 1357 0x0000000002eaf0d0 code [0x0000000002eaf220, 0x0000000002eaf2b8]

GC Heap History (10 events):
Event: 114.644 GC heap before
{Heap before GC invocations=185 (full 0):
 PSYoungGen      total 22016K, used 21600K [0x00000000e0980000, 0x00000000e2e80000, 0x0000000100000000)
  eden space 21504K, 100% used [0x00000000e0980000,0x00000000e1e80000,0x00000000e1e80000)
  from space 512K, 18% used [0x00000000e2e00000,0x00000000e2e18000,0x00000000e2e80000)
  to   space 512K, 0% used [0x00000000e2d80000,0x00000000e2d80000,0x00000000e2e00000)
 ParOldGen       total 65536K, used 5307K [0x00000000a1c00000, 0x00000000a5c00000, 0x00000000e0980000)
  object space 65536K, 8% used [0x00000000a1c00000,0x00000000a212ecb8,0x00000000a5c00000)
 Metaspace       used 15313K, capacity 15505K, committed 15872K, reserved 1062912K
  class space    used 1585K, capacity 1668K, committed 1792K, reserved 1048576K
Event: 114.644 GC heap after
Heap after GC invocations=185 (full 0):
 PSYoungGen      total 22016K, used 64K [0x00000000e0980000, 0x00000000e2e80000, 0x0000000100000000)
  eden space 21504K, 0% used [0x00000000e0980000,0x00000000e0980000,0x00000000e1e80000)
  from space 512K, 12% used [0x00000000e2d80000,0x00000000e2d90000,0x00000000e2e00000)
  to   space 512K, 0% used [0x00000000e2e00000,0x00000000e2e00000,0x00000000e2e80000)
 ParOldGen       total 65536K, used 5307K [0x00000000a1c00000, 0x00000000a5c00000, 0x00000000e0980000)
  object space 65536K, 8% used [0x00000000a1c00000,0x00000000a212ecb8,0x00000000a5c00000)
 Metaspace       used 15313K, capacity 15505K, committed 15872K, reserved 1062912K
  class space    used 1585K, capacity 1668K, committed 1792K, reserved 1048576K
}
Event: 115.172 GC heap before
{Heap before GC invocations=186 (full 0):
 PSYoungGen      total 22016K, used 21568K [0x00000000e0980000, 0x00000000e2e80000, 0x0000000100000000)
  eden space 21504K, 100% used [0x00000000e0980000,0x00000000e1e80000,0x00000000e1e80000)
  from space 512K, 12% used [0x00000000e2d80000,0x00000000e2d90000,0x00000000e2e00000)
  to   space 512K, 0% used [0x00000000e2e00000,0x00000000e2e00000,0x00000000e2e80000)
 ParOldGen       total 65536K, used 5307K [0x00000000a1c00000, 0x00000000a5c00000, 0x00000000e0980000)
  object space 65536K, 8% used [0x00000000a1c00000,0x00000000a212ecb8,0x00000000a5c00000)
 Metaspace       used 15313K, capacity 15505K, committed 15872K, reserved 1062912K
  class space    used 1585K, capacity 1668K, committed 1792K, reserved 1048576K
Event: 115.173 GC heap after
Heap after GC invocations=186 (full 0):
 PSYoungGen      total 22016K, used 96K [0x00000000e0980000, 0x00000000e2e80000, 0x0000000100000000)
  eden space 21504K, 0% used [0x00000000e0980000,0x00000000e0980000,0x00000000e1e80000)
  from space 512K, 18% used [0x00000000e2e00000,0x00000000e2e18000,0x00000000e2e80000)
  to   space 512K, 0% used [0x00000000e2d80000,0x00000000e2d80000,0x00000000e2e00000)
 ParOldGen       total 65536K, used 5307K [0x00000000a1c00000, 0x00000000a5c00000, 0x00000000e0980000)
  object space 65536K, 8% used [0x00000000a1c00000,0x00000000a212ecb8,0x00000000a5c00000)
 Metaspace       used 15313K, capacity 15505K, committed 15872K, reserved 1062912K
  class space    used 1585K, capacity 1668K, committed 1792K, reserved 1048576K
}
Event: 115.706 GC heap before
{Heap before GC invocations=187 (full 0):
 PSYoungGen      total 22016K, used 21600K [0x00000000e0980000, 0x00000000e2e80000, 0x0000000100000000)
  eden space 21504K, 100% used [0x00000000e0980000,0x00000000e1e80000,0x00000000e1e80000)
  from space 512K, 18% used [0x00000000e2e00000,0x00000000e2e18000,0x00000000e2e80000)
  to   space 512K, 0% used [0x00000000e2d80000,0x00000000e2d80000,0x00000000e2e00000)
 ParOldGen       total 65536K, used 5307K [0x00000000a1c00000, 0x00000000a5c00000, 0x00000000e0980000)
  object space 65536K, 8% used [0x00000000a1c00000,0x00000000a212ecb8,0x00000000a5c00000)
 Metaspace       used 15313K, capacity 15505K, committed 15872K, reserved 1062912K
  class space    used 1585K, capacity 1668K, committed 1792K, reserved 1048576K
Event: 115.707 GC heap after
Heap after GC invocations=187 (full 0):
 PSYoungGen      total 22016K, used 96K [0x00000000e0980000, 0x00000000e2e80000, 0x0000000100000000)
  eden space 21504K, 0% used [0x00000000e0980000,0x00000000e0980000,0x00000000e1e80000)
  from space 512K, 18% used [0x00000000e2d80000,0x00000000e2d98000,0x00000000e2e00000)
  to   space 512K, 0% used [0x00000000e2e00000,0x00000000e2e00000,0x00000000e2e80000)
 ParOldGen       total 65536K, used 5307K [0x00000000a1c00000, 0x00000000a5c00000, 0x00000000e0980000)
  object space 65536K, 8% used [0x00000000a1c00000,0x00000000a212ecb8,0x00000000a5c00000)
 Metaspace       used 15313K, capacity 15505K, committed 15872K, reserved 1062912K
  class space    used 1585K, capacity 1668K, committed 1792K, reserved 1048576K
}
Event: 116.236 GC heap before
{Heap before GC invocations=188 (full 0):
 PSYoungGen      total 22016K, used 21600K [0x00000000e0980000, 0x00000000e2e80000, 0x0000000100000000)
  eden space 21504K, 100% used [0x00000000e0980000,0x00000000e1e80000,0x00000000e1e80000)
  from space 512K, 18% used [0x00000000e2d80000,0x00000000e2d98000,0x00000000e2e00000)
  to   space 512K, 0% used [0x00000000e2e00000,0x00000000e2e00000,0x00000000e2e80000)
 ParOldGen       total 65536K, used 5307K [0x00000000a1c00000, 0x00000000a5c00000, 0x00000000e0980000)
  object space 65536K, 8% used [0x00000000a1c00000,0x00000000a212ecb8,0x00000000a5c00000)
 Metaspace       used 15313K, capacity 15505K, committed 15872K, reserved 1062912K
  class space    used 1585K, capacity 1668K, committed 1792K, reserved 1048576K
Event: 116.237 GC heap after
Heap after GC invocations=188 (full 0):
 PSYoungGen      total 22016K, used 96K [0x00000000e0980000, 0x00000000e2e80000, 0x0000000100000000)
  eden space 21504K, 0% used [0x00000000e0980000,0x00000000e0980000,0x00000000e1e80000)
  from space 512K, 18% used [0x00000000e2e00000,0x00000000e2e18000,0x00000000e2e80000)
  to   space 512K, 0% used [0x00000000e2d80000,0x00000000e2d80000,0x00000000e2e00000)
 ParOldGen       total 65536K, used 5307K [0x00000000a1c00000, 0x00000000a5c00000, 0x00000000e0980000)
  object space 65536K, 8% used [0x00000000a1c00000,0x00000000a212ecb8,0x00000000a5c00000)
 Metaspace       used 15313K, capacity 15505K, committed 15872K, reserved 1062912K
  class space    used 1585K, capacity 1668K, committed 1792K, reserved 1048576K
}
Event: 116.763 GC heap before
{Heap before GC invocations=189 (full 0):
 PSYoungGen      total 22016K, used 21600K [0x00000000e0980000, 0x00000000e2e80000, 0x0000000100000000)
  eden space 21504K, 100% used [0x00000000e0980000,0x00000000e1e80000,0x00000000e1e80000)
  from space 512K, 18% used [0x00000000e2e00000,0x00000000e2e18000,0x00000000e2e80000)
  to   space 512K, 0% used [0x00000000e2d80000,0x00000000e2d80000,0x00000000e2e00000)
 ParOldGen       total 65536K, used 5307K [0x00000000a1c00000, 0x00000000a5c00000, 0x00000000e0980000)
  object space 65536K, 8% used [0x00000000a1c00000,0x00000000a212ecb8,0x00000000a5c00000)
 Metaspace       used 15313K, capacity 15505K, committed 15872K, reserved 1062912K
  class space    used 1585K, capacity 1668K, committed 1792K, reserved 1048576K
Event: 116.764 GC heap after
Heap after GC invocations=189 (full 0):
 PSYoungGen      total 22016K, used 96K [0x00000000e0980000, 0x00000000e2e80000, 0x0000000100000000)
  eden space 21504K, 0% used [0x00000000e0980000,0x00000000e0980000,0x00000000e1e80000)
  from space 512K, 18% used [0x00000000e2d80000,0x00000000e2d98000,0x00000000e2e00000)
  to   space 512K, 0% used [0x00000000e2e00000,0x00000000e2e00000,0x00000000e2e80000)
 ParOldGen       total 65536K, used 5307K [0x00000000a1c00000, 0x00000000a5c00000, 0x00000000e0980000)
  object space 65536K, 8% used [0x00000000a1c00000,0x00000000a212ecb8,0x00000000a5c00000)
 Metaspace       used 15313K, capacity 15505K, committed 15872K, reserved 1062912K
  class space    used 1585K, capacity 1668K, committed 1792K, reserved 1048576K
}

Deoptimization events (9 events):
Event: 0.225 Thread 0x0000000002a90800 Uncommon trap: reason=unstable_if action=reinterpret pc=0x0000000002cf641c method=java.lang.String.indexOf([CII[CIII)I @ 3
Event: 1.014 Thread 0x0000000002a90800 Uncommon trap: reason=unstable_if action=reinterpret pc=0x0000000002ceda68 method=java.lang.String.startsWith(Ljava/lang/String;I)Z @ 25
Event: 1.736 Thread 0x0000000002a90800 Uncommon trap: reason=unstable_if action=reinterpret pc=0x0000000002e3d3b0 method=java.lang.reflect.AccessibleObject.setAccessible0(Ljava/lang/reflect/AccessibleObject;Z)V @ 4
Event: 1.755 Thread 0x0000000002a90800 Uncommon trap: reason=unstable_if action=reinterpret pc=0x0000000002dd6804 method=java.lang.AbstractStringBuilder.append(Ljava/lang/String;)Ljava/lang/AbstractStringBuilder; @ 1
Event: 1.756 Thread 0x0000000002a90800 Uncommon trap: reason=unstable_if action=reinterpret pc=0x0000000002da8ccc method=java.lang.AbstractStringBuilder.append(Ljava/lang/String;)Ljava/lang/AbstractStringBuilder; @ 1
Event: 96.946 Thread 0x000000001842a000 Uncommon trap: reason=unstable_if action=reinterpret pc=0x000000000300a760 method=java.awt.EventQueue.getPriority(Ljava/awt/AWTEvent;)I @ 71
Event: 546.421 Thread 0x0000000018387800 Uncommon trap: reason=unstable_if action=reinterpret pc=0x0000000002e9d1e0 method=java.awt.EventQueue.getPriority(Ljava/awt/AWTEvent;)I @ 71
Event: 546.895 Thread 0x000000001842a000 Uncommon trap: reason=class_check action=maybe_recompile pc=0x0000000003044cf4 method=java.awt.event.InvocationEvent.dispatch()V @ 47
Event: 546.897 Thread 0x000000001842a000 Uncommon trap: reason=class_check action=maybe_recompile pc=0x0000000003044cf4 method=java.awt.event.InvocationEvent.dispatch()V @ 47

Internal exceptions (10 events):
Event: 0.138 Thread 0x0000000002a90800 Exception <a 'java/security/PrivilegedActionException'> (0x00000000e0c00ca8) thrown at [C:\re\workspace\8-2-build-windows-amd64-cygwin\jdk8u45\3457\hotspot\src\share\vm\prims\jvm.cpp, line 1382]
Event: 0.143 Thread 0x0000000002a90800 Exception <a 'java/io/FileNotFoundException'> (0x00000000e0c07fd0) thrown at [C:\re\workspace\8-2-build-windows-amd64-cygwin\jdk8u45\3457\hotspot\src\share\vm\prims\jni.cpp, line 709]
Event: 0.539 Thread 0x0000000002a90800 Exception <a 'java/lang/NoSuchFieldError': method resolution failed> (0x00000000e10c56e0) thrown at [C:\re\workspace\8-2-build-windows-amd64-cygwin\jdk8u45\3457\hotspot\src\share\vm\prims\methodHandles.cpp, line 1125]
Event: 0.541 Thread 0x0000000002a90800 Exception <a 'java/lang/NoSuchFieldError': method resolution failed> (0x00000000e10d40c0) thrown at [C:\re\workspace\8-2-build-windows-amd64-cygwin\jdk8u45\3457\hotspot\src\share\vm\prims\methodHandles.cpp, line 1125]
Event: 0.614 Thread 0x0000000002a90800 Exception <a 'java/io/FileNotFoundException'> (0x00000000e117a850) thrown at [C:\re\workspace\8-2-build-windows-amd64-cygwin\jdk8u45\3457\hotspot\src\share\vm\prims\jni.cpp, line 709]
Event: 1.710 Thread 0x0000000002a90800 Exception <a 'java/lang/InterruptedException'> (0x00000000e0aff440) thrown at [C:\re\workspace\8-2-build-windows-amd64-cygwin\jdk8u45\3457\hotspot\src\share\vm\runtime\objectMonitor.cpp, line 1683]
Event: 1.755 Thread 0x0000000002a90800 Implicit null exception at 0x0000000002dd6494 to 0x0000000002dd67ed
Event: 1.756 Thread 0x0000000002a90800 Implicit null exception at 0x0000000002da8959 to 0x0000000002da8cb5
Event: 1.806 Thread 0x0000000002a90800 Exception <a 'java/lang/reflect/InvocationTargetException'> (0x00000000e0cfc468) thrown at [C:\re\workspace\8-2-build-windows-amd64-cygwin\jdk8u45\3457\hotspot\src\share\vm\runtime\reflection.cpp, line 1080]
Event: 1.857 Thread 0x0000000002a90800 Exception <a 'java/lang/NullPointerException'> (0x00000000e0e81d60) thrown at [C:\re\workspace\8-2-build-windows-amd64-cygwin\jdk8u45\3457\hotspot\src\share\vm\interpreter\linkResolver.cpp, line 1280]

Events (10 events):
Event: 116.764 Executing VM operation: ParallelGCFailedAllocation done
Event: 546.421 Thread 0x0000000018387800 Uncommon trap: trap_request=0xffffff65 fr.pc=0x0000000002e9d1e0
Event: 546.421 Thread 0x0000000018387800 DEOPT PACKING pc=0x0000000002e9d1e0 sp=0x000000001905de80
Event: 546.421 Thread 0x0000000018387800 DEOPT UNPACKING pc=0x0000000002bd582a sp=0x000000001905ddf8 mode 2
Event: 546.895 Thread 0x000000001842a000 Uncommon trap: trap_request=0xffffffde fr.pc=0x0000000003044cf4
Event: 546.895 Thread 0x000000001842a000 DEOPT PACKING pc=0x0000000003044cf4 sp=0x000000001ad9e360
Event: 546.895 Thread 0x000000001842a000 DEOPT UNPACKING pc=0x0000000002bd582a sp=0x000000001ad9e1f8 mode 2
Event: 546.896 Thread 0x000000001842a000 Uncommon trap: trap_request=0xffffffde fr.pc=0x0000000003044cf4
Event: 546.897 Thread 0x000000001842a000 DEOPT PACKING pc=0x0000000003044cf4 sp=0x000000001ad9e360
Event: 546.897 Thread 0x000000001842a000 DEOPT UNPACKING pc=0x0000000002bd582a sp=0x000000001ad9e1f8 mode 2


Dynamic libraries:
0x00007ff7bcc00000 - 0x00007ff7bcc37000 	C:\Program Files\Java\jre1.8.0_45\bin\javaw.exe
0x00007ff8a0ac0000 - 0x00007ff8a0c6c000 	C:\WINDOWS\SYSTEM32\ntdll.dll
0x00007ff8a0080000 - 0x00007ff8a01be000 	C:\WINDOWS\system32\KERNEL32.DLL
0x00007ff89dce0000 - 0x00007ff89ddf5000 	C:\WINDOWS\system32\KERNELBASE.dll
0x00007ff89c7b0000 - 0x00007ff89c83e000 	C:\WINDOWS\system32\apphelp.dll
0x00007ff890ce0000 - 0x00007ff890d33000 	C:\WINDOWS\AppPatch\AppPatch64\AcGenral.DLL
0x00007ff8a03a0000 - 0x00007ff8a044a000 	C:\WINDOWS\system32\msvcrt.dll
0x00007ff89d9e0000 - 0x00007ff89da0e000 	C:\WINDOWS\SYSTEM32\SspiCli.dll
0x00007ff89e480000 - 0x00007ff89e4d4000 	C:\WINDOWS\system32\SHLWAPI.dll
0x00007ff8a0940000 - 0x00007ff8a0ab7000 	C:\WINDOWS\system32\USER32.dll
0x00007ff89e140000 - 0x00007ff89e2d4000 	C:\WINDOWS\system32\ole32.dll
0x00007ff89e960000 - 0x00007ff89fe78000 	C:\WINDOWS\system32\SHELL32.dll
0x00007ff89d170000 - 0x00007ff89d191000 	C:\WINDOWS\SYSTEM32\USERENV.dll
0x00007ff8a0450000 - 0x00007ff8a04fa000 	C:\WINDOWS\system32\ADVAPI32.dll
0x00007ff89a170000 - 0x00007ff89a18e000 	C:\WINDOWS\SYSTEM32\MPR.dll
0x00007ff89e660000 - 0x00007ff89e7a1000 	C:\WINDOWS\system32\RPCRT4.dll
0x00007ff89e4e0000 - 0x00007ff89e539000 	C:\WINDOWS\SYSTEM32\sechost.dll
0x00007ff8a0720000 - 0x00007ff8a0931000 	C:\WINDOWS\SYSTEM32\combase.dll
0x00007ff8a05c0000 - 0x00007ff8a0711000 	C:\WINDOWS\system32\GDI32.dll
0x00007ff89dc10000 - 0x00007ff89dc25000 	C:\WINDOWS\SYSTEM32\profapi.dll
0x00007ff89bfd0000 - 0x00007ff89c082000 	C:\WINDOWS\SYSTEM32\SHCORE.dll
0x00007ff89e2e0000 - 0x00007ff89e316000 	C:\WINDOWS\system32\IMM32.DLL
0x00007ff89feb0000 - 0x00007ff8a0002000 	C:\WINDOWS\system32\MSCTF.dll
0x00007ff89b3b0000 - 0x00007ff89b62b000 	C:\WINDOWS\WinSxS\amd64_microsoft.windows.common-controls_6595b64144ccf1df_6.0.9600.17415_none_6240486fecbd8abb\COMCTL32.dll
0x000000006e4f0000 - 0x000000006e5c2000 	C:\Program Files\Java\jre1.8.0_45\bin\msvcr100.dll
0x000000006d420000 - 0x000000006dca3000 	C:\Program Files\Java\jre1.8.0_45\bin\server\jvm.dll
0x00007ff8960e0000 - 0x00007ff8960e9000 	C:\WINDOWS\SYSTEM32\WSOCK32.dll
0x00007ff896180000 - 0x00007ff8961a2000 	C:\WINDOWS\SYSTEM32\WINMM.dll
0x00007ff896750000 - 0x00007ff89675a000 	C:\WINDOWS\SYSTEM32\VERSION.dll
0x00007ff89e470000 - 0x00007ff89e477000 	C:\WINDOWS\system32\PSAPI.DLL
0x00007ff89e600000 - 0x00007ff89e65a000 	C:\WINDOWS\system32\WS2_32.dll
0x00007ff896150000 - 0x00007ff89617a000 	C:\WINDOWS\SYSTEM32\WINMMBASE.dll
0x00007ff89fe90000 - 0x00007ff89fe99000 	C:\WINDOWS\system32\NSI.dll
0x00007ff89df10000 - 0x00007ff89df5f000 	C:\WINDOWS\SYSTEM32\cfgmgr32.dll
0x00007ff89ca20000 - 0x00007ff89ca48000 	C:\WINDOWS\SYSTEM32\DEVOBJ.dll
0x000000006f1d0000 - 0x000000006f1df000 	C:\Program Files\Java\jre1.8.0_45\bin\verify.dll
0x000000006f1a0000 - 0x000000006f1c9000 	C:\Program Files\Java\jre1.8.0_45\bin\java.dll
0x000000006f180000 - 0x000000006f196000 	C:\Program Files\Java\jre1.8.0_45\bin\zip.dll
0x000000006e350000 - 0x000000006e4e8000 	C:\Program Files\Java\jre1.8.0_45\bin\awt.dll
0x00007ff89e320000 - 0x00007ff89e3e1000 	C:\WINDOWS\system32\OLEAUT32.dll
0x00007ff89d570000 - 0x00007ff89d590000 	C:\WINDOWS\SYSTEM32\CRYPTSP.dll
0x00007ff89d0e0000 - 0x00007ff89d116000 	C:\WINDOWS\system32\rsaenh.dll
0x00007ff89d6d0000 - 0x00007ff89d6f6000 	C:\WINDOWS\SYSTEM32\bcrypt.dll
0x00007ff89da10000 - 0x00007ff89da73000 	C:\WINDOWS\system32\bcryptprimitives.dll
0x00007ff89da80000 - 0x00007ff89da8b000 	C:\WINDOWS\SYSTEM32\CRYPTBASE.dll
0x000000006d400000 - 0x000000006d41a000 	C:\Program Files\Java\jre1.8.0_45\bin\net.dll
0x00007ff89d510000 - 0x00007ff89d569000 	C:\WINDOWS\system32\mswsock.dll
0x00007ff898970000 - 0x00007ff89899a000 	C:\WINDOWS\SYSTEM32\IPHLPAPI.DLL
0x00007ff898940000 - 0x00007ff89894a000 	C:\WINDOWS\SYSTEM32\WINNSI.DLL
0x00007ff898160000 - 0x00007ff898176000 	C:\WINDOWS\SYSTEM32\dhcpcsvc6.DLL
0x00007ff8983b0000 - 0x00007ff8983ca000 	C:\WINDOWS\SYSTEM32\dhcpcsvc.DLL
0x000000006d3e0000 - 0x000000006d3f1000 	C:\Program Files\Java\jre1.8.0_45\bin\nio.dll
0x00000000637c0000 - 0x00000000637cd000 	C:\Users\Tom\AppData\Local\Temp\jogamp_0000\file_cache\jln9037518790878005155\jln8600831137445325653\gluegen-rt.dll
0x00007ff89c880000 - 0x00007ff89c9a9000 	C:\WINDOWS\system32\uxtheme.dll
0x00007ff89bd60000 - 0x00007ff89bd81000 	C:\WINDOWS\system32\dwmapi.dll
0x00007ff89ca50000 - 0x00007ff89ca5b000 	C:\WINDOWS\SYSTEM32\kernel.appcore.dll
0x000000006e2a0000 - 0x000000006e2a7000 	C:\Program Files\Java\jre1.8.0_45\bin\jawt.dll
0x000000006a440000 - 0x000000006a44d000 	C:\Users\Tom\AppData\Local\Temp\jogamp_0000\file_cache\jln9037518790878005155\jln8600831137445325653\nativewindow_awt.dll
0x000000006c100000 - 0x000000006c10f000 	C:\Users\Tom\AppData\Local\Temp\jogamp_0000\file_cache\jln9037518790878005155\jln8600831137445325653\nativewindow_win32.dll
0x00007ff88ae10000 - 0x00007ff88af3b000 	C:\WINDOWS\SYSTEM32\OpenGL32.dll
0x00007ff892770000 - 0x00007ff89279e000 	C:\WINDOWS\SYSTEM32\GLU32.dll
0x00007ff889010000 - 0x00007ff889108000 	C:\WINDOWS\SYSTEM32\DDRAW.dll
0x00007ff89b740000 - 0x00007ff89b749000 	C:\WINDOWS\SYSTEM32\DCIMAN32.dll
0x0000000064500000 - 0x00000000645a2000 	C:\Users\Tom\AppData\Local\Temp\jogamp_0000\file_cache\jln9037518790878005155\jln8600831137445325653\jogl_desktop.dll
0x00007ff875520000 - 0x00007ff87603f000 	C:\WINDOWS\SYSTEM32\ig7icd64.dll
0x000000006e300000 - 0x000000006e347000 	C:\Program Files\Java\jre1.8.0_45\bin\fontmanager.dll
0x00007ff87ee60000 - 0x00007ff87efea000 	C:\WINDOWS\SYSTEM32\dbghelp.dll

VM Arguments:
jvm_args: -Djava.library.path=C:\Users\Tom\Documents\GitHub\CS2010\LWJGL\native -Dfile.encoding=Cp1252 
java_command: input_output.Save
java_class_path (initial): C:\Users\Tom\Documents\GitHub\CS2010\cs2010_prototype\bin;C:\Users\Tom\Documents\GitHub\CS2010\LWJGL;C:\Users\Tom\Documents\GitHub\CS2010\LWJGL\jar\jinput.jar;C:\Users\Tom\Documents\GitHub\CS2010\LWJGL\jar\lwjgl_util.jar;C:\Users\Tom\Documents\GitHub\CS2010\LWJGL\jar\lwjgl.jar;C:\Users\Tom\Documents\GitHub\CS2010\LWJGL\jar\slick-util.jar;C:\Program Files (x86)\eclipse\plugins\org.junit_4.11.0.v201303080030\junit.jar;C:\Program Files (x86)\eclipse\plugins\org.hamcrest.core_1.3.0.v201303031735.jar;C:\Users\Tom\Documents\GitHub\CS2010\cs2010_prototype\lib\gluegen-rt-natives-windows-amd64.jar;C:\Users\Tom\Documents\GitHub\CS2010\cs2010_prototype\lib\gluegen-rt.jar;C:\Users\Tom\Documents\GitHub\CS2010\cs2010_prototype\lib\jogl-all-natives-windows-amd64.jar;C:\Users\Tom\Documents\GitHub\CS2010\cs2010_prototype\lib\jogl-all.jar
Launcher Type: SUN_STANDARD

Environment Variables:
PATH=C:/Program Files/Java/jre1.8.0_45/bin/server;C:/Program Files/Java/jre1.8.0_45/bin;C:/Program Files/Java/jre1.8.0_45/lib/amd64;C:\ProgramData\Oracle\Java\javapath;C:\Program Files (x86)\Intel\iCLS Client\;C:\Program Files\Intel\iCLS Client\;C:\windows\system32;C:\windows;C:\windows\System32\Wbem;C:\windows\System32\WindowsPowerShell\v1.0\;C:\Program Files\Intel\Intel(R) Management Engine Components\DAL;C:\Program Files\Intel\Intel(R) Management Engine Components\IPT;C:\Program Files (x86)\Intel\Intel(R) Management Engine Components\DAL;C:\Program Files (x86)\Intel\Intel(R) Management Engine Components\IPT;C:\Program Files (x86)\Intel\OpenCL SDK\2.0\bin\x86;C:\Program Files (x86)\Intel\OpenCL SDK\2.0\bin\x64;C:\Program Files (x86)\Windows Live\Shared;C:\WINDOWS\system32;C:\WINDOWS;C:\WINDOWS\System32\Wbem;C:\WINDOWS\System32\WindowsPowerShell\v1.0\;C:\Program Files (x86)\QuickTime\QTSystem\;C:\Program Files (x86)\GNU\GnuPG\pub;C:\Program Files\TortoiseGit\bin;C:\Program Files (x86)\eclipse;
USERNAME=Tom
OS=Windows_NT
PROCESSOR_IDENTIFIER=Intel64 Family 6 Model 58 Stepping 9, GenuineIntel



---------------  S Y S T E M  ---------------

OS: Windows 8.1 , 64 bit Build 9600 (6.3.9600.17415)

CPU:total 4 (2 cores per cpu, 2 threads per core) family 6 model 58 stepping 9, cmov, cx8, fxsr, mmx, sse, sse2, sse3, ssse3, sse4.1, sse4.2, popcnt, avx, aes, clmul, erms, ht, tsc, tscinvbit, tscinv

Memory: 4k page, physical 6174272k(1261380k free), swap 11418924k(2097432k free)

vm_info: Java HotSpot(TM) 64-Bit Server VM (25.45-b02) for windows-amd64 JRE (1.8.0_45-b14), built on Apr 10 2015 10:34:15 by "java_re" with MS VC++ 10.0 (VS2010)

time: Mon Apr 27 16:57:22 2015
elapsed time: 566 seconds (0d 0h 9m 26s)

